<?xml version="1.0" encoding="UTF-8"?>
<!-- Generated by org.testng.reporters.JUnitXMLReporter -->
<testsuite ignored="0" hostname="N-MacBook.P-2812HNUL-F1" failures="0" tests="10" name="Default test" time="38.067" errors="0" timestamp="01 Haz 2018 16:49:44 GMT">
  <testcase classname="amazonTestPackage.AmazonTest" name="openAmazonWebPage" time="14.26"/>
  <testcase classname="amazonTestPackage.AmazonTest" name="login" time="5.046"/>
  <testcase classname="amazonTestPackage.AmazonTest" name="search" time="4.231"/>
  <testcase classname="amazonTestPackage.AmazonTest" name="verifySearchResult" time="0.035"/>
  <testcase classname="amazonTestPackage.AmazonTest" name="openPage2AndVerify" time="0.246"/>
  <testcase classname="amazonTestPackage.AmazonTest" name="addToListThirdProduct" time="10.105"/>
  <testcase classname="amazonTestPackage.AmazonTest" name="goToWishList" time="2.154"/>
  <testcase classname="amazonTestPackage.AmazonTest" name="verifyItemIsAddedToList" time="0.033"/>
  <testcase classname="amazonTestPackage.AmazonTest" name="removeFromFavorites" time="0.247"/>
  <testcase classname="amazonTestPackage.AmazonTest" name="verifyDeletion" time="0.025"/>
</testsuite> <!-- Default test -->
