<?xml version="1.0" encoding="UTF-8"?>
<!-- Generated by org.testng.reporters.JUnitXMLReporter -->
<testsuite ignored="0" hostname="N-MacBook.P-2812HNUL-F1" failures="0" tests="10" name="Default test" time="22.418" errors="0" timestamp="01 Haz 2018 17:15:43 GMT">
  <testcase classname="amazonTestPackage.AmazonTest" name="openAmazonWebPage" time="3.197"/>
  <testcase classname="amazonTestPackage.AmazonTest" name="login" time="4.57"/>
  <testcase classname="amazonTestPackage.AmazonTest" name="search" time="2.769"/>
  <testcase classname="amazonTestPackage.AmazonTest" name="verifySearchResult" time="0.038"/>
  <testcase classname="amazonTestPackage.AmazonTest" name="openPage2AndVerify" time="0.233"/>
  <testcase classname="amazonTestPackage.AmazonTest" name="addToListThirdProduct" time="7.883"/>
  <testcase classname="amazonTestPackage.AmazonTest" name="goToWishList" time="1.951"/>
  <testcase classname="amazonTestPackage.AmazonTest" name="verifyItemIsAddedToList" time="0.115"/>
  <testcase classname="amazonTestPackage.AmazonTest" name="removeFromFavorites" time="0.219"/>
  <testcase classname="amazonTestPackage.AmazonTest" name="verifyDeletion" time="0.024"/>
</testsuite> <!-- Default test -->
